<?xml version="1.0" encoding="UTF-8"?>
<!-- Generated by org.testng.reporters.JUnitReportReporter -->
<testsuite hostname="DESKTOP-EMMOM4M" failures="0" tests="1" name="com.testcases.StarOfService" time="22.623" errors="0" timestamp="2020-05-02T16:15:01 IST" skipped="0">
  <testcase classname="com.testcases.StarOfService" name="test" time="22.623"/>
</testsuite> <!-- com.testcases.StarOfService -->
